<?xml version="1.0" encoding="UTF-8"?>
<!-- Generated by org.testng.reporters.JUnitReportReporter -->
<testsuite hostname="Yog" failures="0" tests="5" name="org.ibm.marconi007.BookTicketTest" time="0.011" errors="0" timestamp="25 Jul 2022 18:16:55 GMT">
  <testcase classname="org.ibm.marconi007.BookTicketTest" name="bookTicketTest" time="0.001"/>
  <testcase classname="org.ibm.marconi007.BookTicketTest" name="bookTicketTest" time="0.001"/>
  <testcase classname="org.ibm.marconi007.BookTicketTest" name="bookTicketTest" time="0.007"/>
  <testcase classname="org.ibm.marconi007.BookTicketTest" name="bookTicketTest" time="0.001"/>
  <testcase classname="org.ibm.marconi007.BookTicketTest" name="bookTicketTest" time="0.001"/>
</testsuite> <!-- org.ibm.marconi007.BookTicketTest -->
