<?xml version="1.0" encoding="UTF-8"?>
<!-- Generated by org.testng.reporters.JUnitReportReporter -->
<testsuite hostname="Yog" failures="0" tests="1" name="com.stringdemo.practice.StringPractice001Test" time="0.019" errors="0" timestamp="31 Jul 2022 07:25:40 GMT">
  <testcase classname="com.stringdemo.practice.StringPractice001Test" name="startAndEnd" time="0.019"/>
</testsuite> <!-- com.stringdemo.practice.StringPractice001Test -->
